<?xml version="1.0" encoding="UTF-8"?>
<!-- Generated by org.testng.reporters.JUnitXMLReporter -->
<testsuite hostname="GINBAKS" ignored="0" name="testApiResponses" tests="7" failures="7" timestamp="14 Jun 2020 15:43:14 GMT" time="0.017" errors="0">
  <testcase name="@BeforeClass preconditions" time="0.0" classname="test.TestApiResponses">
    <failure type="org.testng.TestNGException" message="
Parameter &amp;apos;filePath&amp;apos; is required by BeforeClass on method preconditions but has not been marked @Optional or defined
in C:\Users\Gintare\Documents\GitHub\openweathermap-automation\openweathermap-automation\src\test\java\testSuites\RegressionTestSuite.xml">
      <![CDATA[org.testng.TestNGException: 
Parameter 'filePath' is required by BeforeClass on method preconditions but has not been marked @Optional or defined
in C:\Users\Gintare\Documents\GitHub\openweathermap-automation\openweathermap-automation\src\test\java\testSuites\RegressionTestSuite.xml
... Removed 23 stack frames]]>
    </failure>
  </testcase> <!-- @BeforeClass preconditions -->
  <testcase name="testApiResponseInvalidCityName" time="0.0" classname="test.TestApiResponses">
    <failure type="org.testng.TestNGException" message="
Parameter &amp;apos;cityNameInvalid&amp;apos; is required by @Test on method testApiResponseInvalidCityName but has not been marked @Optional or defined
in C:\Users\Gintare\Documents\GitHub\openweathermap-automation\openweathermap-automation\src\test\java\testSuites\RegressionTestSuite.xml">
      <![CDATA[org.testng.TestNGException: 
Parameter 'cityNameInvalid' is required by @Test on method testApiResponseInvalidCityName but has not been marked @Optional or defined
in C:\Users\Gintare\Documents\GitHub\openweathermap-automation\openweathermap-automation\src\test\java\testSuites\RegressionTestSuite.xml
... Removed 24 stack frames]]>
    </failure>
  </testcase> <!-- testApiResponseInvalidCityName -->
  <testcase name="testApiResponseInvalidKey" time="0.0" classname="test.TestApiResponses">
    <failure type="org.testng.TestNGException" message="
Parameter &amp;apos;cityName&amp;apos; is required by @Test on method testApiResponseInvalidKey but has not been marked @Optional or defined
in C:\Users\Gintare\Documents\GitHub\openweathermap-automation\openweathermap-automation\src\test\java\testSuites\RegressionTestSuite.xml">
      <![CDATA[org.testng.TestNGException: 
Parameter 'cityName' is required by @Test on method testApiResponseInvalidKey but has not been marked @Optional or defined
in C:\Users\Gintare\Documents\GitHub\openweathermap-automation\openweathermap-automation\src\test\java\testSuites\RegressionTestSuite.xml
... Removed 24 stack frames]]>
    </failure>
  </testcase> <!-- testApiResponseInvalidKey -->
  <testcase name="testApiResponseInvalidCityID" time="0.0" classname="test.TestApiResponses">
    <failure type="org.testng.TestNGException" message="
Parameter &amp;apos;cityIdInvalid&amp;apos; is required by @Test on method testApiResponseInvalidCityID but has not been marked @Optional or defined
in C:\Users\Gintare\Documents\GitHub\openweathermap-automation\openweathermap-automation\src\test\java\testSuites\RegressionTestSuite.xml">
      <![CDATA[org.testng.TestNGException: 
Parameter 'cityIdInvalid' is required by @Test on method testApiResponseInvalidCityID but has not been marked @Optional or defined
in C:\Users\Gintare\Documents\GitHub\openweathermap-automation\openweathermap-automation\src\test\java\testSuites\RegressionTestSuite.xml
... Removed 24 stack frames]]>
    </failure>
  </testcase> <!-- testApiResponseInvalidCityID -->
  <testcase name="testApiResponseVerifyCityID" time="0.0" classname="test.TestApiResponses">
    <failure type="org.testng.TestNGException" message="
Parameter &amp;apos;cityId&amp;apos; is required by @Test on method testApiResponseVerifyCityID but has not been marked @Optional or defined
in C:\Users\Gintare\Documents\GitHub\openweathermap-automation\openweathermap-automation\src\test\java\testSuites\RegressionTestSuite.xml">
      <![CDATA[org.testng.TestNGException: 
Parameter 'cityId' is required by @Test on method testApiResponseVerifyCityID but has not been marked @Optional or defined
in C:\Users\Gintare\Documents\GitHub\openweathermap-automation\openweathermap-automation\src\test\java\testSuites\RegressionTestSuite.xml
... Removed 24 stack frames]]>
    </failure>
  </testcase> <!-- testApiResponseVerifyCityID -->
  <testcase name="testApiResponseVerifyZipCode" time="0.0" classname="test.TestApiResponses">
    <failure type="org.testng.TestNGException" message="
Parameter &amp;apos;zipCode&amp;apos; is required by @Test on method testApiResponseVerifyZipCode but has not been marked @Optional or defined
in C:\Users\Gintare\Documents\GitHub\openweathermap-automation\openweathermap-automation\src\test\java\testSuites\RegressionTestSuite.xml">
      <![CDATA[org.testng.TestNGException: 
Parameter 'zipCode' is required by @Test on method testApiResponseVerifyZipCode but has not been marked @Optional or defined
in C:\Users\Gintare\Documents\GitHub\openweathermap-automation\openweathermap-automation\src\test\java\testSuites\RegressionTestSuite.xml
... Removed 24 stack frames]]>
    </failure>
  </testcase> <!-- testApiResponseVerifyZipCode -->
  <testcase name="testApiResponseVerifyCoordinates" time="0.0" classname="test.TestApiResponses">
    <failure type="org.testng.TestNGException" message="
Parameter &amp;apos;longitude2&amp;apos; is required by @Test on method testApiResponseVerifyCoordinates but has not been marked @Optional or defined
in C:\Users\Gintare\Documents\GitHub\openweathermap-automation\openweathermap-automation\src\test\java\testSuites\RegressionTestSuite.xml">
      <![CDATA[org.testng.TestNGException: 
Parameter 'longitude2' is required by @Test on method testApiResponseVerifyCoordinates but has not been marked @Optional or defined
in C:\Users\Gintare\Documents\GitHub\openweathermap-automation\openweathermap-automation\src\test\java\testSuites\RegressionTestSuite.xml
... Removed 24 stack frames]]>
    </failure>
  </testcase> <!-- testApiResponseVerifyCoordinates -->
  <testcase name="testApiResponseVerifyMultilingualSupport" time="0.0" classname="test.TestApiResponses">
    <failure type="org.testng.TestNGException" message="
Parameter &amp;apos;languageCode&amp;apos; is required by @Test on method testApiResponseVerifyMultilingualSupport but has not been marked @Optional or defined
in C:\Users\Gintare\Documents\GitHub\openweathermap-automation\openweathermap-automation\src\test\java\testSuites\RegressionTestSuite.xml">
      <![CDATA[org.testng.TestNGException: 
Parameter 'languageCode' is required by @Test on method testApiResponseVerifyMultilingualSupport but has not been marked @Optional or defined
in C:\Users\Gintare\Documents\GitHub\openweathermap-automation\openweathermap-automation\src\test\java\testSuites\RegressionTestSuite.xml
... Removed 24 stack frames]]>
    </failure>
  </testcase> <!-- testApiResponseVerifyMultilingualSupport -->
</testsuite> <!-- testApiResponses -->
